FOUND COMMA
FOUND
FOUND
FOUND COMMA
FOUND COMMA
||Industrials||IndustrialConglomerates||
||1957-03-04||0000066740||1902\n|-\n|
||Industrials||BuildingProducts||
||2017-07-26||0000091142\n|1916\n|-\n|
||HealthCare||HealthCareEquipment||
||1957-03-04||0000001800||1888\n|-\n|
||HealthCare||Pharmaceuticals||
||2012-12-31||0001551152||2013(1888)\n|-\n|
||InformationTechnology||ITConsulting&OtherServices||
||2011-07-06||0001467373||1989\n|-\n|
||CommunicationServices||InteractiveHomeEntertainment||
||2015-08-31||0000718877||2008\n|-\n|
||ConsumerStaples||AgriculturalProducts&Services||
||1957-03-04||0000007084\n|1902\n|-\n|
||InformationTechnology||ApplicationSoftware||
||1997-05-05||0000796343||1982\n|-\n|
||Industrials||HumanResource&EmploymentServices||
||1981-03-31||0000008670\n|1949\n|-\n|
||ConsumerDiscretionary||AutomotiveRetail||
||2015-07-09||0001158449||1932\n|-\n|
||Utilities||IndependentPowerProducers&EnergyTraders||
||1998-10-02||0000874761||1981\n|-\n|
||Financials||Life&HealthInsurance||
||1999-05-28||0000004977||1955\n|-\n|
||HealthCare||HealthCareEquipment||
||2000-06-05||0001090872||1999\n|-\n|
||Materials||IndustrialGases||
||1985-04-30||0000002969||1940\n|-\n|
||InformationTechnology||InternetServices&Infrastructure||
||2007-07-12||0001086222||1998\n|-\n|
||Industrials||PassengerAirlines||
||2016-05-13||0000766421||1985\n|-\n|
||Materials||SpecialtyChemicals||
||2016-07-01||0000915913||1994\n|-\n|
||RealEstate||OfficeREITs||
||2017-03-20||0001035443||1994\n|-\n|
||HealthCare||HealthCareSupplies||
||2017-06-19||0001097149||1997\n|-\n|
||Industrials||BuildingProducts||
||2013-12-02||0001579241||1908\n|-\n|
||Utilities||ElectricUtilities||
||2016-07-01||0000352541||1917\n|-\n|
||Financials||Property&CasualtyInsurance||
||1995-07-13||0000899051||1931\n|-\n|
(ClassA)||CommunicationServices||InteractiveMedia&Services||
||2014-04-03||0001652044||1998\n|-\n|
(ClassC)||CommunicationServices||InteractiveMedia&Services||
||2006-04-03||0001652044||1998\n|-\n|
||ConsumerStaples||Tobacco||
||1957-03-04||0000764180||1985\n|-\n|
||ConsumerDiscretionary||BroadlineRetail||
||2005-11-18||0001018724||1994\n|-\n|
||Materials||Paper&PlasticPackagingProducts&Materials||
,UnitedKingdom||2019-06-07||0001748790||2019(1860)\n|-\n|
||InformationTechnology||Semiconductors||
||2017-03-20||0000002488||1969\n|-\n|
||Utilities||Multi-Utilities||
||1991-09-19||0001002910||1902\n|-\n|
||Industrials||PassengerAirlines||
||2015-03-23||0000006201||1934\n|-\n|
||Utilities||ElectricUtilities||
||1957-03-04||0000004904||1906\n|-\n|
||Financials||ConsumerFinance||
||1976-06-30||0000004962||1850\n|-\n|
||Financials||Property&CasualtyInsurance||
||1980-03-31||0000005272||1919\n|-\n|
||RealEstate||TelecomTowerREITs||
||2007-11-19||0001053507||1995\n|-\n|
||Utilities||WaterUtilities||
||2016-03-04||0001410636\n|1886\n|-\n|
||Financials||AssetManagement&CustodyBanks||
||2005-10-03||0000820027\n|1894\n|-\n|
||HealthCare||HealthCareDistributors||
||2001-08-30||0001140859\n|1985\n|-\n|
||Industrials||ElectricalComponents&Equipment||
||2013-09-23||0001037868\n|1930\n|-\n|
||HealthCare||Biotechnology||
||1992-01-02||0000318154\n|1980\n|-\n|
||InformationTechnology||ElectronicComponents||
||2008-09-30||0000820313||1932\n|-\n|
||InformationTechnology||Semiconductors||
||1999-10-12||0000006281\n|1965\n|-\n|
||InformationTechnology||ApplicationSoftware||
||2017-06-19||0001013462\n|1969\n|-\n|
||Financials||InsuranceBrokers||
||1996-04-23||0000315293\n|1982(1919)\n|-\n|
||Energy||Oil&GasExploration&Production||
||1997-07-28||0001841666\n|1954\n|-\n|
||InformationTechnology||TechnologyHardware,Storage&Peripherals||
||1982-11-30||0000320193\n|1977\n|-\n|
||InformationTechnology||SemiconductorMaterials&Equipment||
||1995-03-16||0000006951\n|1967\n|-\n|
||ConsumerDiscretionary||AutomotiveParts&Equipment||
||2012-12-24||0001521332\n|1994\n|-\n|
||Financials||Reinsurance||
||2022-11-01||0000947484||1995\n|-\n|
||InformationTechnology||CommunicationsEquipment||
||2018-08-28||0001596532||2004\n|-\n|
||Financials||InsuranceBrokers||
||2016-05-31||0000354190\n|1927\n|-\n|
||Financials||Multi-lineInsurance||
||2007-04-10||0001267238\n|1892\n|-\n|
||CommunicationServices||IntegratedTelecommunicationServices||
||1983-11-30||0000732717||1983(1885)\n|-\n|
||Utilities||GasUtilities||
||2019-02-15||0000731802||1906\n|-\n|
||InformationTechnology||ApplicationSoftware||
||1989-12-01||0000769397\n|1982\n|-\n|
||ConsumerDiscretionary||SpecialtyStores||
||1997-01-02||0000866787\n|1979\n|-\n|
||RealEstate||ResidentialREITs||
||2007-01-10||0000915912\n|1978\n|-\n|
||Materials||Paper&PlasticPackagingProducts&Materials||
||1987-12-31||0000008818\n|1990\n|-\n|
||Industrials||Aerospace&Defense||
||2023-05-04||0001069183||1993\n|-\n|
||Energy||Oil&GasEquipment&Services||
||2017-07-07||0001701605||2017\n|-\n|
||Materials||Metal,Glass&PlasticContainers||
||1984-10-31||0000009389||1880\n|-\n|
||Financials||DiversifiedBanks||
||1976-06-30||0000070858\n|1998(1923/1874)\n|-\n|
||ConsumerDiscretionary||SpecialtyStores||
||1983-09-30||0000701985\n|1963\n|-\n|
||HealthCare||HealthCareEquipment||
||1972-09-30||0000010456||1931\n|-\n|
||HealthCare||HealthCareEquipment||
||1972-09-30||0000010795||1897\n|-\n|
||Financials||Property&CasualtyInsurance||
||2019-12-05||0000011544||1967\n|-\n|
||Financials||Multi-SectorHoldings||
||2010-02-16||0001067983\n|1839\n|-\n|
||ConsumerDiscretionary||Computer&ElectronicsRetail||
||1999-06-29||0000764478\n|1966\n|-\n|
||HealthCare||LifeSciencesTools&Services||
||2020-06-22||0000012208\n||1952\n|-\n|
||HealthCare||LifeSciencesTools&Services||
||2021-08-30||0000842023\n|1976\n|-\n|
||HealthCare||Biotechnology||
||2003-11-13||0000875045\n|1978\n|-\n|
||Financials||AssetManagement&CustodyBanks||
||2011-04-04||0001364742\n|1988\n|-\n|
||Financials||AssetManagement&CustodyBanks||
||1995-03-31||0001390777||1784\n|-\n|
||Industrials||Aerospace&Defense||
||1957-03-04||0000012927||1916\n|-\n|
||ConsumerDiscretionary||Hotels,Restaurants&Leisure||
||2009-11-06||0001075531\n|1996\n|-\n|
||ConsumerDiscretionary||AutomotiveParts&Equipment||
||2011-12-19||0000908255\n|1880\n|-\n|
||RealEstate||OfficeREITs||
||2006-04-03||0001037540\n|1970\n|-\n|
||HealthCare||HealthCareEquipment||
||1995-02-24||0000885725\n|1979\n|-\n|
||HealthCare||Pharmaceuticals||
||1957-03-04||0000014272||1989(1887)\n|-\n|
||InformationTechnology||Semiconductors||
||2014-05-08||0001730168||1961\n|-\n|
||Industrials||DataProcessing&OutsourcedServices||
||2018-06-18||0001383312||1962\n|-\n|
||Financials||InsuranceBrokers||
||2021-09-20||0000079282||1939\n|-\n|
||ConsumerStaples||Distillers&Vintners||
||1982-10-31||0000014693||1870\n|-\n|
||ConsumerStaples||AgriculturalProducts&Services||
||2023-03-15||0001144519||1818\n|-\n|
||Industrials||AirFreight&Logistics||
||2007-03-02||0001043277||1905\n|-\n|
||InformationTechnology||ApplicationSoftware||
||2017-09-18||0000813672||1988\n|-\n|
||ConsumerDiscretionary||Casinos&Gaming||
||2021-03-22||0001590895||1973\n|-\n|
||RealEstate||ResidentialREITs||
||2022-04-04||0000906345||1981\n|-\n|
||ConsumerStaples||PackagedFoods&Meats||
||1957-03-04||0000016732||1869\n|-\n|
||Financials||ConsumerFinance||
||1998-07-01||0000927628||1994\n|-\n|
||HealthCare||HealthCareDistributors||
||1997-05-27||0000721371||1971\n|-\n|
||ConsumerDiscretionary||AutomotiveRetail||
||2010-06-28||0001170010||1993\n|-\n|
||ConsumerDiscretionary||Hotels,Resorts&CruiseLines||
||1998-12-22||0000815097||1972\n|-\n|
||Industrials||BuildingProducts||
||2020-04-03||0001783180\n|2020(1915)\n|-\n|
||HealthCare||Pharmaceuticals||
||2020-09-21||0001596783||2007\n|-\n|
||Industrials||ConstructionMachinery&HeavyTransportationEquipment||
||1957-03-04||0000018230||1925\n|-\n|
||Financials||FinancialExchanges&Data||
||2017-03-01||0001374310||1973\n|-\n|
||RealEstate||RealEstateServices||
||2006-11-10||0001138118||1906\n|-\n|
||InformationTechnology||TechnologyDistributors||
||2019-09-23||0001402057||1984\n|-\n|
||Materials||SpecialtyChemicals||
||2018-12-24||0001306830||1918\n|-\n|
||HealthCare||ManagedHealthCare||
||2016-03-30||0001071739||1984\n|-\n|
||Utilities||Multi-Utilities||
||1985-07-31||0001130310||1882\n|-\n|
||InformationTechnology||ApplicationSoftware||
||2021-09-20||0001725057||1992\n|-\n|
||Materials||Fertilizers&AgriculturalChemicals||
||2008-08-27||0001324404||1946\n|-\n|
||HealthCare||LifeSciencesTools&Services||
||2021-05-14||0001100682||1947\n|-\n|
||Financials||InvestmentBanking&Brokerage||
||1997-06-02||0000316709||1971\n|-\n|
||CommunicationServices||Cable&Satellite||
||2016-09-08||0001091667||1993\n|-\n|
||Energy||IntegratedOil&Gas||
||1957-03-04||0000093410||1879\n|-\n|
||ConsumerDiscretionary||Restaurants||
||2011-04-28||0001058090||1993\n|-\n|
||Financials||Property&CasualtyInsurance||
||2010-07-15||0000896159||1985\n|-\n|
||ConsumerStaples||HouseholdProducts||
||2015-12-29||0000313927||1847\n|-\n|
||HealthCare||ManagedHealthCare||
||1976-06-30||0001739940\n|1982\n|-\n|
||Financials||Property&CasualtyInsurance||
||1997-12-18||0000020286||1950\n|-\n|
||Industrials||DiversifiedSupportServices||
||2001-03-01||0000723254||1929\n|-\n|
||InformationTechnology||CommunicationsEquipment||
||1993-12-01||0000858877||1984\n|-\n|
||Financials||DiversifiedBanks||
||1988-05-31||0000831001||1998\n|-\n|
||Financials||RegionalBanks||
||2016-01-29||0000759944||1828\n|-\n|
||ConsumerStaples||HouseholdProducts||
||1969-03-31||0000021076||1913\n|-\n|
||Financials||FinancialExchanges&Data||
||2006-08-11||0001156375||1848\n|-\n|
||Utilities||Multi-Utilities||
||1957-03-04||0000811156||1886\n|-\n|
||ConsumerStaples||SoftDrinks&Non-alcoholicBeverages||
||1957-03-04||0000021344||1886\n|-\n|
||InformationTechnology||ITConsulting&OtherServices||
||2006-11-17||0001058290||1994\n|-\n|
||ConsumerStaples||HouseholdProducts||
||1957-03-04||0000021665||1806\n|-\n|
||CommunicationServices||Cable&Satellite||
||2002-11-19||0001166691||1963\n|-\n|
||Financials||DiversifiedBanks||
||1995-12-01||0000028412||1849\n|-\n|
||ConsumerStaples||PackagedFoods&Meats||
||1983-08-31||0000023217\n|1919\n|-\n|
||Energy||Oil&GasExploration&Production||
||1957-03-04||0001163165||2002\n|-\n|
||Utilities||ElectricUtilities||
||1957-03-04||0001047862||1823\n|-\n|
||ConsumerStaples||Distillers&Vintners||
||2005-07-01||0000016918||1945\n|-\n|
||Utilities||Multi-Utilities||
||2022-02-02||0001868275||1999\n|-\n|
||HealthCare||HealthCareSupplies||
||2016-09-23||0000711404||1958\n|-\n|
||Industrials||DiversifiedSupportServices||
||2018-07-02||0000900075||1982\n|-\n|
||InformationTechnology||ElectronicComponents||
||1995-02-27||0000024741||1851\n|-\n|
||Materials||Fertilizers&AgriculturalChemicals||
||2019-06-03||0001755672||2019\n|-\n|
||Industrials||Research&ConsultingServices||
||2022-09-19||0001057352||1987\n|-\n|
||ConsumerStaples||ConsumerStaplesMerchandiseRetail||
||1993-10-01||0000909832||1976\n|-\n|
||Energy||Oil&GasExploration&Production||
||2008-06-23||0000858470||2021(1989)\n|-\n|
||RealEstate||TelecomTowerREITs||
||2012-03-14||0001051470||1994\n|-\n|
||Industrials||RailTransportation||
||1957-03-04||0000277948||1980\n|-\n|
||Industrials||IndustrialMachinery&Supplies&Components||
||1965-03-31||0000026172||1919\n|-\n|
||HealthCare||HealthCareServices||
||1957-03-04||0000064803||1996\n|-\n|
||ConsumerDiscretionary||Homebuilding||
||2005-06-22||0000882184||1978\n|-\n|
||HealthCare||HealthCareEquipment||
||1998-11-18||0000313616||1969\n|-\n|
||ConsumerDiscretionary||Restaurants||
||1995-05-31||0000940944||1938\n|-\n|
||HealthCare||HealthCareFacilities||
||2008-07-31||0000927066||1979\n|-\n|
||Industrials||Agricultural&FarmMachinery||
||1957-03-04||0000315189||1837\n|-\n|
||Industrials||PassengerAirlines||
||2013-09-11||0000027904||1929\n|-\n|
||HealthCare||HealthCareSupplies||
||2008-11-14||0000818479\n|2016(1969)\n|-\n|
||Energy||Oil&GasExploration&Production||
||2000-08-30||0001090012||1971\n|-\n|
||HealthCare||HealthCareEquipment||
||2020-05-12||0001093557||1999\n|-\n|
||Energy||Oil&GasExploration&Production||
||2018-12-03||0001539838||2007\n|-\n|
||RealEstate||DataCenterREITs||
||2016-05-18||0001297996||2004\n|-\n|
||Financials||ConsumerFinance||
||2007-07-02||0001393612\n|1985\n|-\n|
||CommunicationServices||Movies&Entertainment||
||1976-06-30||0001744489\n|1923\n|-\n|
||ConsumerStaples||ConsumerStaplesMerchandiseRetail||
||2012-12-03||0000029534||1939\n|-\n|
||ConsumerStaples||ConsumerStaplesMerchandiseRetail||
||2011-12-19||0000935703||1986\n|-\n|
||Utilities||ElectricUtilities||
||||0000715957||1983\n|-\n|
||ConsumerDiscretionary||Restaurants||
||2020-05-12||0001286681||1960\n|-\n|
||Industrials||IndustrialMachinery&Supplies&Components||
||1985-10-31||0000029905||1955\n|-\n|
||Materials||CommodityChemicals||
||2019-04-01||0001751788||2019\n|-\n|
||Utilities||Multi-Utilities||
||1957-03-04||0000936340||1995\n|-\n|
||Utilities||ElectricUtilities||
||1976-06-30||0001326160\n|1904\n|-\n|
||Materials||SpecialtyChemicals||
||2019-04-02||0001666700||2017\n|-\n|
||InformationTechnology||ITConsulting&OtherServices||
||2017-04-04||0001688568||2017\n|-\n|
||Materials||DiversifiedChemicals||
||1994-01-01||0000915389||1920\n|-\n|
||Industrials||ElectricalComponents&Equipment||
||1957-03-04||0001551182||1911\n|-\n|
||ConsumerDiscretionary||BroadlineRetail||
||2002-07-22||0001065088||1995\n|-\n|
||Materials||SpecialtyChemicals||
||1989-01-31||0000031462||1923\n|-\n|
||Utilities||ElectricUtilities||
||1957-03-04||0000827052||1886\n|-\n|
||HealthCare||HealthCareEquipment||
||2011-04-01||0001099800||1958\n|-\n|
||CommunicationServices||InteractiveHomeEntertainment||
||2002-07-22||0000712515||1982\n|-\n|
||HealthCare||ManagedHealthCare||
||2002-07-25||0001156039\n|2014(1946)\n|-\n|
||HealthCare||Pharmaceuticals||
||1970-12-31||0000059478||1876\n|-\n|
||Industrials||ElectricalComponents&Equipment||
||1965-03-31||0000032604||1890\n|-\n|
||InformationTechnology||ElectronicComponents||
||2021-01-07||0001463101||2006\n|-\n|
||Utilities||ElectricUtilities||
||1957-03-04||0000065984||1913\n|-\n|
||Energy||Oil&GasExploration&Production||
||2000-11-02||0000821189||1999\n|-\n|
||InformationTechnology||ITConsulting&OtherServices||
||2021-12-14||0001352010||1993\n|-\n|
||Energy||Oil&GasExploration&Production||
||2022-10-03||0000033213||1888\n|-\n|
||Industrials||Research&ConsultingServices||
||1997-06-19||0000033185||1899\n|-\n|
||RealEstate||DataCenterREITs||
||2015-03-20||0001101239||1998\n|-\n|
||RealEstate||ResidentialREITs||
||2001-12-03||0000906107||1969\n|-\n|
||RealEstate||ResidentialREITs||
||2014-04-02||0000920522||1971\n|-\n|
||ConsumerStaples||PersonalCareProducts||
||2006-01-05||0001001250||1946\n|-\n|
||ConsumerDiscretionary||BroadlineRetail||
||2020-09-21||0001370637||2005\n|-\n|
||Financials||Reinsurance||
||2017-06-19||0001095073||1973\n|-\n|
||Utilities||ElectricUtilities||
||2018-06-05||0001711269||1909\n|-\n|
||Utilities||Multi-Utilities||
||2009||0000072741||1966\n|-\n|
||Utilities||Multi-Utilities||
||1957-03-04||0001109357||2000\n|-\n|
||ConsumerDiscretionary||Hotels,Restaurants&Leisure||
||2007-10-02||0001324424||1996\n|-\n|
||Industrials||AirFreight&Logistics||
||2007-10-10||0000746515||1979\n|-\n|
||RealEstate||Self-StorageREITs||
||2016-01-19||0001289490||1977\n|-\n|
||Energy||IntegratedOil&Gas||
||1957-03-04||0000034088||1999\n|-\n|
||InformationTechnology||CommunicationsEquipment||
||2010-12-20||0001048695||1996\n|-\n|
||Financials||FinancialExchanges&Data||
||2021-12-20||0001013237||1978\n|-\n|
||InformationTechnology||ApplicationSoftware||
||2023-03-20||0000814547||1956\n|-\n|
||Industrials||BuildingProducts||
||2008-09-15||0000815556||1967\n|-\n|
||RealEstate||RetailREITs||
||2016-02-01||0000034903||1962\n|-\n|
||Industrials||AirFreight&Logistics||
||1980-12-31||0001048911\n|1971\n|-\n|
||Financials||RegionalBanks||
||1996-03-29||0000035527||1858\n|-\n|
||InformationTechnology||Semiconductors||
||2022-12-19||0001274494||1999\n|-\n|
||Utilities||ElectricUtilities||
||1997-11-28||0001031296||1997\n|-\n|
||Financials||Transaction&PaymentProcessingServices||
||2006-11-10||0001136893||1968\n|-\n|
||Financials||Transaction&PaymentProcessingServices||
||2001-04-02||0000798354||1984\n|-\n|
||Financials||Transaction&PaymentProcessingServices||
||2018-06-20||0001175454||2000\n|-\n|
||Materials||Fertilizers&AgriculturalChemicals||
||2009-08-19||0000037785||1883\n|-\n|
||ConsumerDiscretionary||AutomobileManufacturers||
||1957-03-04||0000037996||1903\n|-\n|
||InformationTechnology||SystemsSoftware||
||2018-10-11||0001262039||2000\n|-\n|
||Industrials||IndustrialMachinery&Supplies&Components||
||2016-07-01||0001659166||2016\n|-\n|
(ClassA)||CommunicationServices||Movies&Entertainment||
||2013-07-01||0001754301\n|2019\n|-\n|
(ClassB)||CommunicationServices||Movies&Entertainment||
||2015-09-18||0001754301\n|2019\n|-\n|
||Financials||AssetManagement&CustodyBanks||
||1998-04-30||0000038777||1947\n|-\n|
||Materials||Copper||
||||0000831259||1912\n|-\n|
||ConsumerDiscretionary||ConsumerElectronics||
||2012-12-12||0001121788||1989\n|-\n|
||InformationTechnology||ITConsulting&OtherServices||
||2017-04-05||0000749251||1979\n|-\n|
||HealthCare||HealthCareTechnology||
||2023-01-04||0001932393||1994\n|-\n|
||InformationTechnology||ApplicationSoftware||
||2003-03-25||0000849399||1982\n|-\n|
||Industrials||ElectricalComponents&Equipment||
||2021-03-22||0001474735||1959\n|-\n|
||Industrials||Aerospace&Defense||
||1957-03-04||0000040533||1899\n|-\n|
||Industrials||IndustrialConglomerates||
||1957-03-04||0000040545||1892\n|-\n|
||ConsumerStaples||PackagedFoods&Meats||
||1957-03-04||0000040704||1856\n|-\n|
||ConsumerDiscretionary||AutomobileManufacturers||
||2013-06-06||0001467858\n|1908\n|-\n|
||ConsumerDiscretionary||SpecialtyStores||
||1973-12-31||0000040987||1925\n|-\n|
||HealthCare||Biotechnology||
||2004-07-01||0000882095||1987\n|-\n|
||Financials||Life&HealthInsurance||
||1989-04-30||0000320335||1900\n|-\n|
||Financials||Transaction&PaymentProcessingServices||
||2016-04-25||0001123360||2000\n|-\n|
||Financials||InvestmentBanking&Brokerage||
||2002-07-22||0000886982||1869\n|-\n|
||Energy||Oil&GasEquipment&Services||
||1957-03-04||0000045012||1919\n|-\n|
||Financials||Property&CasualtyInsurance||
||1957-03-04||0000874766\n|1810\n|-\n|
||ConsumerDiscretionary||LeisureProducts||
||1984-09-30||0000046080||1923\n|-\n|
||HealthCare||HealthCareFacilities||
||2015-01-27||0000860730||1968\n|-\n|
||RealEstate||HealthCareREITs||
||2008-03-31||0000765880||1985\n|-\n|
||HealthCare||HealthCareDistributors||
||2015-03-17||0001000228||1932\n|-\n|
||ConsumerStaples||PackagedFoods&Meats||
||1957-03-04||0000047111||1894\n|-\n|
||Energy||IntegratedOil&Gas||
||1984-05-31||0000004447||1919\n|-\n|
||InformationTechnology||TechnologyHardware,Storage&Peripherals||
||2015-11-02||0001645590||2015\n|-\n|
||ConsumerDiscretionary||Hotels,Resorts&CruiseLines||
||2017-06-19||0001585689||1919\n|-\n|
||HealthCare||HealthCareEquipment||
||2016-03-30||0000859737||1985\n|-\n|
||ConsumerDiscretionary||HomeImprovementRetail||
||1988-03-31||0000354950||1978\n|-\n|
||Industrials||IndustrialConglomerates||
||1957-03-04||0000773840||1906\n|-\n|
||ConsumerStaples||PackagedFoods&Meats||
||2009-03-04||0000048465||1891\n|-\n|
||RealEstate||Hotel&ResortREITs||
||2007-03-20||0001070750||1993\n|-\n|
||Industrials||Aerospace&Defense||
||1957-03-04||0000004281||2016\n|-\n|
||InformationTechnology||TechnologyHardware,Storage&Peripherals||
||1974-12-31||0000047217||1939(2015)\n|-\n|
||HealthCare||ManagedHealthCare||
||||0000049071||1961\n|-\n|
||Financials||RegionalBanks||
||1997-08-28||0000049196||1866\n|-\n|
||Industrials||Aerospace&Defense||
||2018-01-03||0001501585\n|2011\n|-\n|
||InformationTechnology||ITConsulting&OtherServices||
||1957-03-04||0000051143||1911\n|-\n|
||Industrials||IndustrialMachinery&Supplies&Components||
||2019-08-09||0000832101||1988\n|-\n|
||HealthCare||HealthCareEquipment||
||2017-01-05||0000874716||1983\n|-\n|
||Industrials||IndustrialMachinery&Supplies&Components||
||1986-02-28||0000049826||1912\n|-\n|
||HealthCare||LifeSciencesTools&Services||
||2015-11-19||0001110803||1998\n|-\n|
||HealthCare||Biotechnology||
||2017-02-28||0000879169||1991\n|-\n|
||Industrials||IndustrialMachinery&Supplies&Components||
||2020-03-03||0001699150||1859\n|-\n|
||HealthCare||HealthCareEquipment||
||2023-03-15||0001145197||2000\n|-\n|
||InformationTechnology||Semiconductors||
||1976-12-31||0000050863\n|1968\n|-\n|
||Financials||FinancialExchanges&Data||
||2007-09-26||0001571949||2000\n|-\n|
||Materials||SpecialtyChemicals||
||1976-03-31||0000051253\n|1958(1889)\n|-\n|
||Materials||Paper&PlasticPackagingProducts&Materials||
||1957-03-04||0000051434||1898\n|-\n|
||CommunicationServices||Advertising||
||1992-10-01||0000051644||1961(1930)\n|-\n|
||InformationTechnology||ApplicationSoftware||
||2000-12-05||0000896878||1983\n|-\n|
||HealthCare||HealthCareEquipment||
||2008-06-02||0001035267||1995\n|-\n|
||Financials||AssetManagement&CustodyBanks||
||2008-08-21||0000914208||1935\n|-\n|
||RealEstate||ResidentialREITs||
||2022-09-19||0001687229||2012\n|-\n|
||HealthCare||LifeSciencesTools&Services||
||2017-08-29||0001478242\n|1982\n|-\n|
||RealEstate||OtherSpecializedREITs||
||2009-01-06||0001020569||1951\n|-\n|
||Industrials||CargoGroundTransportation||
||2015-07-01||0000728535||1961\n|-\n|
||Financials||Transaction&PaymentProcessingServices||
||2018-11-13||0000779152||1976\n|-\n|
||Industrials||Construction&Engineering||
||2007-10-26||0000052988||1947\n|-\n|
||HealthCare||Pharmaceuticals||
||1973-06-30||0000200406||1886\n|-\n|
||Industrials||BuildingProducts||
||2010-08-27||0000833444||1885\n|-\n|
||Financials||DiversifiedBanks||
||1975-06-30||0000019617\n|2000(1799/1871)\n|-\n|
||InformationTechnology||CommunicationsEquipment||
||2006-06-02||0001043604||1996\n|-\n|
||ConsumerStaples||PackagedFoods&Meats||
||1989-09-11||0000055067||1906\n|-\n|
||ConsumerStaples||SoftDrinks&Non-alcoholicBeverages||
||2022-06-21||0001418135||1981\n|-\n|
||Financials||RegionalBanks||
||1994-03-01||0000091576||1825\n|-\n|
||InformationTechnology||ElectronicEquipment&Instruments||
||2018-11-06||0001601046||2014(1939)\n|-\n|
||ConsumerStaples||HouseholdProducts||
||1957-03-04||0000055785||1872\n|-\n|
||RealEstate||RetailREITs||
||2006-04-04||0000879101\n|1958\n|-\n|
||Energy||Oil&GasStorage&Transportation||
||2012-05-25||0001506307\n|1997\n|-\n|
||InformationTechnology||SemiconductorMaterials&Equipment||
||1997-09-30||0000319201||1975/1977(1997)\n|-\n|
||ConsumerStaples||PackagedFoods&Meats||
||2015-07-06||0001637459||2015(1869)\n|-\n|
||ConsumerStaples||FoodRetail||
||1957-03-04||0000056873||1883\n|-\n|
||Industrials||Aerospace&Defense||
||2008-09-22||0000202058\n|2019(1895)\n|-\n|
||HealthCare||HealthCareServices||
||2004-11-01||0000920148||1978\n|-\n|
||InformationTechnology||SemiconductorMaterials&Equipment||
||2012-06-29||0000707549||1980\n|-\n|
||ConsumerStaples||PackagedFoods&Meats||
||2018-12-03||0001679273||2016(1950)\n|-\n|
||ConsumerDiscretionary||Casinos&Gaming||
||2019-10-03||0001300514||1988\n|-\n|
||Industrials||DiversifiedSupportServices||
||2019-08-09||0001336920||1969\n|-\n|
||ConsumerDiscretionary||Homebuilding||
||2005-10-04||0000920760\n|1954\n|-\n|
||Financials||Multi-lineInsurance||
||1976-06-30||0000059558\n|1905\n|-\n|
||Materials||IndustrialGases||
||1992-07-01||0001707925||1879\n|-\n|
||CommunicationServices||Movies&Entertainment||
||2019-12-23||0001335258||2010\n|-\n|
||ConsumerDiscretionary||Distributors||
||2016-05-23||0001065696||1998\n|-\n|
||Industrials||Aerospace&Defense||
||1957-03-04||0000936468||1995\n|-\n|
||Financials||Multi-lineInsurance||
||1995-05-31||0000060086\n|1959\n|-\n|
||ConsumerDiscretionary||HomeImprovementRetail||
||1984-02-29||0000060667||1904/1946/1959\n|-\n|
||Materials||SpecialtyChemicals||
||2012-09-05||0001489393\n|2007\n|-\n|
||Financials||RegionalBanks||
||2004-02-23||0000036270||1856\n|-\n|
||Energy||Oil&GasExploration&Production||
||1957-03-04||0000101778||1887\n|-\n|
||Energy||Oil&GasRefining&Marketing||
||2011-07-01||0001510295\n|2009(1887)\n|-\n|
||Financials||FinancialExchanges&Data||
||2019-07-01||0001278021\n|2000\n|-\n|
||ConsumerDiscretionary||Hotels,Resorts&CruiseLines||
||1998-05-29||0001048286||1927\n|-\n|
||Financials||InsuranceBrokers||
||1987-08-31||0000062709||1905\n|-\n|
||Materials||ConstructionMaterials||
||2014-07-02||0000916076||1993\n|-\n|
||Industrials||BuildingProducts||
||1981-06-30||0000062996\n|1929\n|-\n|
||Financials||Transaction&PaymentProcessingServices||
||2008-07-18||0001141391||1966\n|-\n|
||CommunicationServices||InteractiveMedia&Services||
||2021-09-20||0000891103||1986\n|-\n|
||ConsumerStaples||PackagedFoods&Meats||
||2003-03-20||0000063754||1889\n|-\n|
||ConsumerDiscretionary||Restaurants||
||1970-06-30||0000063908||1940\n|-\n|
||HealthCare||HealthCareDistributors||
||1999-01-13||0000927653||1833\n|-\n|
||HealthCare||HealthCareEquipment||
||1986-10-31||0001613103||1949\n|-\n|
||HealthCare||Pharmaceuticals||
||1957-03-04||0000310158||1891\n|-\n|
||CommunicationServices||InteractiveMedia&Services||
||2013-12-23||0001326801||2004\n|-\n|
||Financials||Life&HealthInsurance||
||2000-12-11||0001099219||1868\n|-\n|
||HealthCare||LifeSciencesTools&Services||
||2016-09-06||0001037646||1945\n|-\n|
||ConsumerDiscretionary||Casinos&Gaming||
||2017-07-26||0000789570||1986\n|-\n|
||InformationTechnology||Semiconductors||
||2007-09-07||0000827054||1989\n|-\n|
||InformationTechnology||Semiconductors||
||1994-09-27||0000723125||1978\n|-\n|
||InformationTechnology||SystemsSoftware||
||1994-06-01||0000789019||1975\n|-\n|
||RealEstate||ResidentialREITs||
||2016-12-02||0000912595||1977\n|-\n|
||HealthCare||Biotechnology||
||2021-07-21||0001682852||2010\n|-\n|
||ConsumerDiscretionary||HomeFurnishings||
||2013-12-23||0000851968||1878\n|-\n|
||HealthCare||ManagedHealthCare||
||2022-03-02||0001179929||1980\n|-\n|
||ConsumerStaples||Brewers||
||1976-06-30||0000024545\n|2005(Molson1786,Coors1873)\n|-\n|
||ConsumerStaples||PackagedFoods&Meats||
||2012-10-02||0001103982||2012\n|-\n|
||InformationTechnology||Semiconductors||
||2021-02-12||0001280452||1997\n|-\n|
||ConsumerStaples||SoftDrinks&Non-alcoholicBeverages||
||2012-06-28||0000865752||2012(1935)\n|-\n|
||Financials||FinancialExchanges&Data||
||1998-07-01||0001059556||1909\n|-\n|
||Financials||InvestmentBanking&Brokerage||
||1993-07-29||0000895421||1935\n|-\n|
||Materials||Fertilizers&AgriculturalChemicals||
||2011-09-26||0001285785\n|2004(1865/1909)\n|-\n|
||InformationTechnology||CommunicationsEquipment||
||1957-03-04||0000068505||1928(2011)\n|-\n|
||Financials||FinancialExchanges&Data||
||2018-04-04||0001408198\n|1969\n|-\n|
||Financials||FinancialExchanges&Data||
||2008-10-22||0001120193\n|1971\n|-\n|
||InformationTechnology||TechnologyHardware,Storage&Peripherals||
||1999-06-25||0001002047||1992\n|-\n|
||CommunicationServices||Movies&Entertainment||
||2010-12-20||0001065280||1997\n|-\n|
||ConsumerDiscretionary||Housewares&Specialties||
||1989-04-30||0000814453||1903\n|-\n|
||Materials||Gold||
||1969-06-30||0001164727||1921\n|-\n|
(ClassA)||CommunicationServices||Publishing||
||2013-08-01||0001564708||2013(1980)\n|-\n|
(ClassB)||CommunicationServices||Publishing||
||2015-09-18||0001564708||2013(1980)\n|-\n|
||Utilities||Multi-Utilities||
||1976-06-30||0000753308\n|1984(1925)\n|-\n|
||ConsumerDiscretionary||Apparel,Accessories&LuxuryGoods||
||1988-11-30||0000320187||1964\n|-\n|
||Utilities||Multi-Utilities||
||2000-11-02||0001111711||1912\n|-\n|
||Industrials||IndustrialMachinery&Supplies&Components||
||2022-02-15||0000072331||1935\n|-\n|
||Industrials||RailTransportation||
||1957-03-04||0000702165||1881/1894(1980)\n|-\n|
||Financials||AssetManagement&CustodyBanks||
||1998-01-30||0000073124||1889\n|-\n|
||Industrials||Aerospace&Defense||
||1957-03-04||0001133421||1994(Northrop1939,Grumman1930)\n|-\n|
||ConsumerDiscretionary||Hotels,Resorts&CruiseLines||
||2017-10-13||0001513761||2011(1966)\n|-\n|
||Utilities||IndependentPowerProducers&EnergyTraders||
||2010-01-29||0001013871||1992\n|-\n|
||Materials||Steel||
||1985-04-30||0000073309||1940\n|-\n|
||InformationTechnology||Semiconductors||
||2001-11-30||0001045810||1993\n|-\n|
||ConsumerDiscretionary||Homebuilding||
||2019-09-26||0000906163||1980\n|-\n|
||InformationTechnology||Semiconductors||
||2021-03-22||0001413447||1953\n|-\n|
||ConsumerDiscretionary||SpecialtyStores||
||2009-03-27||0000898173||1957\n|-\n|
||Energy||Oil&GasExploration&Production||
||1957-03-04||0000797468||1920\n|-\n|
||Industrials||CargoGroundTransportation||
||2019-12-09||0000878927||1934\n|-\n|
||CommunicationServices||Advertising||
||1997-12-31||0000029989||1986\n|-\n|
||InformationTechnology||Semiconductors||
||2022-06-21||0001097864||1999\n|-\n|
||Energy||Oil&GasStorage&Transportation||
||2010-03-15||0001039684||1906\n|-\n|
||InformationTechnology||ApplicationSoftware||
||1989-08-31||0001341439||1977\n|-\n|
||HealthCare||Pharmaceuticals||
||2021-06-03||0001821825||2021\n|-\n|
||Industrials||IndustrialMachinery&Supplies&Components||
||2020-04-03||0001781335\n|2020(1853)\n|-\n|
||Industrials||ConstructionMachinery&HeavyTransportationEquipment||
||1980-12-31||0000075362\n|1905\n|-\n|
||Materials||Paper&PlasticPackagingProducts&Materials||
||2017-07-26||0000075677||1959\n|-\n|
||InformationTechnology||ApplicationSoftware||
||2023-06-20||0001327567||2005\n|-\n|
||CommunicationServices||Movies&Entertainment||
||1994-09-30||0000813828\n|2019(1952)\n|-\n|
||Industrials||IndustrialMachinery&Supplies&Components||
||1985-11-30||0000076334||1917\n|-\n|
||Industrials||HumanResource&EmploymentServices||
||1998-10-01||0000723531||1971\n|-\n|
||InformationTechnology||ApplicationSoftware||
||2020-01-28||0001590955||1998\n|-\n|
||Financials||Transaction&PaymentProcessingServices||
||2015-07-20||0001633917||1998\n|-\n|
||Industrials||IndustrialMachinery&Supplies&Components||
||2012-10-01||0000077360||1966\n|-\n|
||ConsumerStaples||SoftDrinks&Non-alcoholicBeverages||
||1957-03-04||0000077476||1898\n|-\n|
||HealthCare||Pharmaceuticals||
||1957-03-04||0000078003||1849\n|-\n|
||Utilities||Multi-Utilities||
||2022-10-03||0001004980||1905\n|-\n|
||ConsumerStaples||Tobacco||
||2008-03-31||0001413329||2008(1847)\n|-\n|
||Energy||Oil&GasRefining&Marketing||
||2012-05-01||0001534701||2012(1917)\n|-\n|
||Utilities||Multi-Utilities||
||1999-10-04||0000764622||1985\n|-\n|
||Energy||Oil&GasExploration&Production||
||2008-09-24||0001038357||1997\n|-\n|
||Financials||RegionalBanks||
||1988-04-30||0000713676||1845\n|-\n|
||ConsumerDiscretionary||Distributors||
||2020-10-07||0000945841||1993\n|-\n|
||Materials||SpecialtyChemicals||
||1957-03-04||0000079879||1883\n|-\n|
||Utilities||ElectricUtilities||
||2001-10-01||0000922224\n|1920\n|-\n|
||Financials||Life&HealthInsurance||
||2002-07-22||0001126328||1879\n|-\n|
||ConsumerStaples||PersonalCareProducts||
||1957-03-04||0000080424||1837\n|-\n|
||Financials||Property&CasualtyInsurance||
||1997-08-04||0000080661||1937\n|-\n|
||RealEstate||IndustrialREITs||
||2003-07-17||0001045609||1983\n|-\n|
||Financials||Life&HealthInsurance||
||2002-07-22||0001137774||1875\n|-\n|
||Utilities||ElectricUtilities||
||1957-03-04||0000788784\n|1903\n|-\n|
||InformationTechnology||ApplicationSoftware||
||2021-04-20||0000857005||1985\n|-\n|
||RealEstate||Self-StorageREITs||
||2005-08-19||0001393311||1972\n|-\n|
||ConsumerDiscretionary||Homebuilding||
||1984-04-30||0000822416\n|1956\n|-\n|
||InformationTechnology||Semiconductors||
||2015-06-11||0001604778||2015\n|-\n|
||Industrials||Construction&Engineering||
||2009-07-01||0001050915||1997\n|-\n|
||InformationTechnology||Semiconductors||
||1999-07-22||0000804328||1985\n|-\n|
||HealthCare||HealthCareServices||
||2002-12-12||0001022079||1967\n|-\n|
||ConsumerDiscretionary||Apparel,Accessories&LuxuryGoods||
||2007-02-02||0001037038||1967\n|-\n|
||Financials||InvestmentBanking&Brokerage||
||2017-03-20||0000720005||1962\n|-\n|
||Industrials||Aerospace&Defense||
||1957-03-04||0000101829||1922\n|-\n|
||RealEstate||RetailREITs||
||2015-04-07||0000726728||1969\n|-\n|
||RealEstate||RetailREITs||
||2017-03-02||0000910606||1963\n|-\n|
||HealthCare||Biotechnology||
||2013-05-01||0000872589||1988\n|-\n|
||Financials||RegionalBanks||
||1998-08-28||0001281761||1971\n|-\n|
||Industrials||Environmental&FacilitiesServices||
||2008-12-05||0001060391||1998(1981)\n|-\n|
||HealthCare||HealthCareEquipment||
||2017-07-26||0000943819||1989\n|-\n|
||HealthCare||HealthCareEquipment||
||1985-05-31||0000031791||1937\n|-\n|
||Industrials||HumanResource&EmploymentServices||
||2000-12-05||0000315213||1948\n|-\n|
||Industrials||ElectricalComponents&Equipment||
||||0001024478\n|1903\n|-\n|
||Industrials||Environmental&FacilitiesServices||
||2018-10-01||0000084839||1948\n|-\n|
||InformationTechnology||ElectronicEquipment&Instruments||
||2009-12-23||0000882835||1981\n|-\n|
||ConsumerDiscretionary||ApparelRetail||
||2009-12-21||0000745732||1982\n|-\n|
||ConsumerDiscretionary||Hotels,Resorts&CruiseLines||
||2014-12-05||0000884887||1997\n|-\n|
||Financials||FinancialExchanges&Data||
||1957-03-04||0000064040\n|1917\n|-\n|
||InformationTechnology||ApplicationSoftware||
||2008-09-15||0001108524||1999\n|-\n|
||RealEstate||TelecomTowerREITs||
||2017-09-01||0001034054||1989\n|-\n|
||Energy||Oil&GasEquipment&Services||
||1957-03-04||0000087347||1926\n|-\n|
||InformationTechnology||TechnologyHardware,Storage&Peripherals||
||2012-07-02||0001137789||1979\n|-\n|
||Materials||Paper&PlasticPackagingProducts&Materials||
||1957-03-04||0001012100||1960\n|-\n|
||Utilities||Multi-Utilities||
||2001?||0001032208||1998\n|-\n|
||InformationTechnology||SystemsSoftware||
||2019-11-21||0001373715||2003\n|-\n|
||Materials||SpecialtyChemicals||
||1964-06-30||0000089800||1866\n|-\n|
||RealEstate||RetailREITs||
||2002-06-26||0001063761\n|2003\n|-\n|
||InformationTechnology||Semiconductors||
||2015-03-12||0000004127||2002\n|-\n|
||ConsumerStaples||PackagedFoods&Meats||
||2008-11-06||0000091419||1897\n|-\n|
||Industrials||IndustrialMachinery&Supplies&Components||
||1982-09-30||0000091440\n|1920\n|-\n|
||InformationTechnology||SemiconductorMaterials&Equipment||
||2021-12-20||0001419612||2006\n|-\n|
||Utilities||ElectricUtilities||
||1957-03-04||0000092122||1945\n|-\n|
||Industrials||PassengerAirlines||
||1994-07-01||0000092380||1967\n|-\n|
||Industrials||IndustrialMachinery&Supplies&Components||
||1982-09-30||0000093556\n|1843\n|-\n|
||ConsumerDiscretionary||Restaurants||
||2000-06-07||0000829224||1971\n|-\n|
||Financials||AssetManagement&CustodyBanks||
||2003-03-14||0000093751||1792\n|-\n|
||Materials||Steel||
||2022-12-22||0001022671||1993\n|-\n|
||HealthCare||HealthCareEquipment||
||2019-12-23||0001757898||1985\n|-\n|
||HealthCare||HealthCareEquipment||
||2000-12-12||0000310764||1941\n|-\n|
||Financials||ConsumerFinance||
||2015-11-18||0001601712||2003\n|-\n|
||InformationTechnology||ApplicationSoftware||
||2017-03-16||0000883241||1986\n|-\n|
||ConsumerStaples||FoodDistributors||
||1986-12-31||0000096021||1969\n|-\n|
||CommunicationServices||WirelessTelecommunicationServices||
||2019-07-15||0001283699||1994\n|-\n|
||Financials||AssetManagement&CustodyBanks||
||||0001113169||1937\n|-\n|
||CommunicationServices||InteractiveHomeEntertainment||
||2018-03-19||0000946581||1993\n|-\n|
||ConsumerDiscretionary||Apparel,Accessories&LuxuryGoods||
||2004-09-01\n|0001116132||2017\n|-\n|
||Energy||Oil&GasStorage&Transportation||
||2022-10-12||0001389170||2005\n|-\n|
||ConsumerStaples||ConsumerStaplesMerchandiseRetail||
||1976-12-31||0000027419\n|1902\n|-\n|
||InformationTechnology||ElectronicManufacturingServices||
,Switzerland||2011-10-17||0001385157\n|2007\n|-\n|
||InformationTechnology||ElectronicEquipment&Instruments||
||2020-06-22||0001094285\n||1960\n|-\n|
||HealthCare||HealthCareEquipment||
||2019-01-18||0000096943||1943\n|-\n|
||InformationTechnology||SemiconductorMaterials&Equipment||
||2020-09-21||0000097210||1960\n|-\n|
||ConsumerDiscretionary||AutomobileManufacturers||
||2020-12-21||0001318605||2003\n|-\n|
||InformationTechnology||Semiconductors||
||||0000097476||1930\n|-\n|
||Industrials||Aerospace&Defense||
||1978-12-31||0000217346\n|1923\n|-\n|
||HealthCare||LifeSciencesTools&Services||
||2004-08-03||0000097745||2006(1902)\n|-\n|
||ConsumerDiscretionary||ApparelRetail||
||1985-09-30||0000109198||1987\n|-\n|
||ConsumerDiscretionary||SpecialtyStores||
||2014-01-24||0000916365||1938\n|-\n|
||Industrials||BuildingProducts||
||2010-11-17||0001466258\n|1871\n|-\n|
||Industrials||Aerospace&Defense||
||2016-06-03||0001260221\n|1993\n|-\n|
||Financials||Property&CasualtyInsurance||
||2002-08-21||0000086312||1853\n|-\n|
||InformationTechnology||ElectronicEquipment&Instruments||
||2021-01-21||0000864749||1978\n|-\n|
||Financials||RegionalBanks||
||1997-12-04||0000092230||1872\n|-\n|
||InformationTechnology||ApplicationSoftware||
||2020-06-22||0000860731||1966\n|-\n|
||ConsumerStaples||PackagedFoods&Meats||
||2005-08-10||0000100493||1935\n|-\n|
||Financials||DiversifiedBanks||
||||0000036104||1968\n|-\n|
||RealEstate||ResidentialREITs||
||2016-03-07||0000074208||1972\n|-\n|
||ConsumerDiscretionary||SpecialtyStores||
||2016-04-18||0001403568||1990\n|-\n|
||Industrials||RailTransportation||
||1957-03-04||0000100885||1862\n|-\n|
||Industrials||PassengerAirlines||
||2015-09-03||0000100517||1967\n|-\n|
||Industrials||AirFreight&Logistics||
||2002-07-22||0001090727||1907\n|-\n|
||Industrials||TradingCompanies&Distributors||
||2014-09-20||0001067701||1997\n|-\n|
||HealthCare||ManagedHealthCare||
||1994-07-01||0000731766||1977\n|-\n|
||HealthCare||HealthCareFacilities||
||2014-09-20||0000352915||1979\n|-\n|
||Energy||Oil&GasRefining&Marketing||
||2002-12-20||0001035002||1980\n|-\n|
||RealEstate||HealthCareREITs||
||2009-03-04||0000740260||1998\n|-\n|
||InformationTechnology||InternetServices&Infrastructure||
||2006-02-01||0001014473||1995\n|-\n|
||Industrials||Research&ConsultingServices||
||2015-10-08||0001442145||1971\n|-\n|
||CommunicationServices||IntegratedTelecommunicationServices||
||1983-11-30||0000732712\n|1983(1877)\n|-\n|
||HealthCare||Biotechnology||
||2013-09-23||0000875320||1989\n|-\n|
||ConsumerDiscretionary||Apparel,Accessories&LuxuryGoods||
||1979-06-30||0000103379\n|1899\n|-\n|
||HealthCare||Pharmaceuticals||
||2004-04-23||0001792044||1961\n|-\n|
||RealEstate||Hotel&ResortREITs||
||2022-06-08||0001705696||2017\n|-\n|
||Financials||Transaction&PaymentProcessingServices||
||2009-12-21||0001403161||1958\n|-\n|
||Materials||ConstructionMaterials||
||1999-06-30||0001396009\n|1909\n|-\n|
||Industrials||ConstructionMachinery&HeavyTransportationEquipment||
||2019-02-27||0000943452||1999(1869)\n|-\n|
||ConsumerStaples||DrugRetail||
||1979-12-31||0001618921||2014\n|-\n|
||ConsumerStaples||ConsumerStaplesMerchandiseRetail||
||1982-08-31||0000104169\n|1962\n|-\n|
||CommunicationServices||Broadcasting||
||2022-04-11||0001437107||2022\n|-\n|
||Industrials||Environmental&FacilitiesServices||
||||0000823768||1968\n|-\n|
||HealthCare||HealthCareDistributors||
||2002-01-02||0001000697||1958\n|-\n|
||Utilities||ElectricUtilities||
||2008-10-31||0000783325\n|1896\n|-\n|
||Financials||DiversifiedBanks||
||1976-06-30||0000072971\n|1852\n|-\n|
||RealEstate||HealthCareREITs||
||2009-01-30||0000766704\n|1970\n|-\n|
||HealthCare||HealthCareSupplies||
||2020-05-22||0000105770\n|1923\n|-\n|
||InformationTechnology||TechnologyHardware,Storage&Peripherals||
||2009-07-01||0000106040\n|1970\n|-\n|
||Materials||Paper&PlasticPackagingProducts&Materials||
||1957-03-04||0001732845||2015\n|-\n|
||RealEstate||TimberREITs||
||||0000106535||1900\n|-\n|
||ConsumerDiscretionary||HouseholdAppliances||
||||0000106640||1911\n|-\n|
||Energy||Oil&GasStorage&Transportation||
||1975-03-31||0000107263\n|1908\n|-\n|
||Financials||InsuranceBrokers||
||2016-01-05||0001140536\n|2016\n|-\n|
||Industrials||IndustrialMachinery&Supplies&Components||
||1981-06-30||0000277135\n|1927\n|-\n|
||ConsumerDiscretionary||Casinos&Gaming||
||2008-11-14||0001174922\n|2002\n|-\n|
||Utilities||Multi-Utilities||
||1957-03-04||0000072903||1909\n|-\n|
||Industrials||IndustrialMachinery&Supplies&Components||
||2011-11-01||0001524472||2011\n|-\n|
||ConsumerDiscretionary||Restaurants||
||1997-10-06||0001041061\n|1997\n|-\n|
||InformationTechnology||ElectronicEquipment&Instruments||
||2019-12-23||0000877212\n|1969\n|-\n|
||HealthCare||HealthCareEquipment||
||2001-08-07||0001136869\n|1927\n|-\n|
||Financials||RegionalBanks||
||2001-06-22||0000109380\n|1873\n|-\n|
||HealthCare||Pharmaceuticals||
||2013-06-21||0001555280||1952\n|}\n\n==SelectedchangestothelistofS&P500components==\n\n<!--EDITORSPLEASETAKENOTE:\n\nIfyouareupdatingthefollowingtableduetoachangewhichoccurredinthecomponentsoftheS&P500pleaseconsiderthefollowing.\n\n1.S&Pneverdoesaddsorremovesastockinisolation,it'salways\"AAAreplacesBBB\".\nPleasedonotsimplyaddorremoveacomponent;Rather,makesureyourecordbothpartsofthechange.\n\n2.Ifyourecordachangehere,pleasealsomakethecorrespondingchangesintheabovetable\"S&P500ComponentStocks\"\nKeepingthesetwotablesinsyncshouldmakeitmucheasierforeditorstokeeptrackofwhichchangeshave/haven'tbeenentered.\n\n3.Companynamechangesandtickerchangesarenotchangestotheindexandshouldnotbeinthistable.\n\nThanks!-->\n\nS&PDowJonesIndicesupdatesthecomponentsofthe
INFO LEN: 1006
SYM LEN: 503
