{{NyseSymbol|MMM}}
{{NyseSymbol|AOS}}
{{NyseSymbol|ABT}}
{{NyseSymbol|ABBV}}
{{NyseSymbol|ACN}}
{{NasdaqSymbol|ATVI}}
{{NyseSymbol|ADM}}
{{NasdaqSymbol|ADBE}}
{{NasdaqSymbol|ADP}}
{{NyseSymbol|AAP}}
{{NyseSymbol|AES}}
{{NyseSymbol|AFL}}
{{NyseSymbol|A}}
{{NyseSymbol|APD}}
{{NasdaqSymbol|AKAM}}
{{NyseSymbol|ALK}}
{{NyseSymbol|ALB}}
{{NyseSymbol|ARE}}
{{NasdaqSymbol|ALGN}}
{{NyseSymbol|ALLE}}
{{NasdaqSymbol|LNT}}
{{NyseSymbol|ALL}}
{{NasdaqSymbol|GOOGL}}
{{NasdaqSymbol|GOOG}}
{{NyseSymbol|MO}}
{{NasdaqSymbol|AMZN}}
{{NyseSymbol|AMCR}}
{{NasdaqSymbol|AMD}}
{{NyseSymbol|AEE}}
{{NasdaqSymbol|AAL}}
{{NasdaqSymbol|AEP}}
{{NyseSymbol|AXP}}
{{NyseSymbol|AIG}}
{{NyseSymbol|AMT}}
{{NyseSymbol|AWK}}
{{NyseSymbol|AMP}}
{{NyseSymbol|ABC}}
{{NyseSymbol|AME}}
{{NasdaqSymbol|AMGN}}
{{NyseSymbol|APH}}
{{NasdaqSymbol|ADI}}
{{NasdaqSymbol|ANSS}}
{{NyseSymbol|AON}}
{{NasdaqSymbol|APA}}
{{NasdaqSymbol|AAPL}}
{{NasdaqSymbol|AMAT}}
{{NyseSymbol|APTV}}
{{NasdaqSymbol|ACGL}}
{{NyseSymbol|ANET}}
{{NyseSymbol|AJG}}
{{NyseSymbol|AIZ}}
{{NyseSymbol|T}}
{{NyseSymbol|ATO}}
{{NasdaqSymbol|ADSK}}
{{NyseSymbol|AZO}}
{{NyseSymbol|AVB}}
{{NyseSymbol|AVY}}
{{NasdaqSymbol|AXON}}
{{NasdaqSymbol|BKR}}
{{NyseSymbol|BALL}}
{{NyseSymbol|BAC}}
{{NyseSymbol|BBWI}}
{{NyseSymbol|BAX}}
{{NyseSymbol|BDX}}
{{NyseSymbol|WRB}}
{{NyseSymbol|BRK.B}}
{{NyseSymbol|BBY}}
{{NyseSymbol|BIO}}
{{NasdaqSymbol|TECH}}
{{NasdaqSymbol|BIIB}}
{{NyseSymbol|BLK}}
{{NyseSymbol|BK}}
{{NyseSymbol|BA}}
{{NasdaqSymbol|BKNG}}
{{NyseSymbol|BWA}}
{{NyseSymbol|BXP}}
{{NyseSymbol|BSX}}
{{NyseSymbol|BMY}}
{{NasdaqSymbol|AVGO}}
{{NyseSymbol|BR}}
{{NyseSymbol|BRO}}
{{NyseSymbol|BF.B}}
{{NyseSymbol|BG}}
{{NasdaqSymbol|CHRW}}
{{NasdaqSymbol|CDNS}}
{{NasdaqSymbol|CZR}}
{{NyseSymbol|CPT}}
{{NyseSymbol|CPB}}
{{NyseSymbol|COF}}
{{NyseSymbol|CAH}}
{{NyseSymbol|KMX}}
{{NyseSymbol|CCL}}
{{NyseSymbol|CARR}}
{{NyseSymbol|CTLT}}
{{NyseSymbol|CAT}}
{{BZX link|CBOE}}
{{NyseSymbol|CBRE}}
{{NasdaqSymbol|CDW}}
{{NyseSymbol|CE}}
{{NyseSymbol|CNC}}
{{NyseSymbol|CNP}}
{{NyseSymbol|CDAY}}
{{NyseSymbol|CF}}
{{NyseSymbol|CRL}}
{{NyseSymbol|SCHW}}
{{NasdaqSymbol|CHTR}}
{{NyseSymbol|CVX}}
{{NyseSymbol|CMG}}
{{NyseSymbol|CB}}
{{NyseSymbol|CHD}}
{{NyseSymbol|CI}}
{{NasdaqSymbol|CINF}}
{{NasdaqSymbol|CTAS}}
{{NasdaqSymbol|CSCO}}
{{NyseSymbol|C}}
{{NyseSymbol|CFG}}
{{NyseSymbol|CLX}}
{{NasdaqSymbol|CME}}
{{NyseSymbol|CMS}}
{{NyseSymbol|KO}}
{{NasdaqSymbol|CTSH}}
{{NyseSymbol|CL}}
{{NasdaqSymbol|CMCSA}}
{{NyseSymbol|CMA}}
{{NyseSymbol|CAG}}
{{NyseSymbol|COP}}
{{NyseSymbol|ED}}
{{NyseSymbol|STZ}}
{{NasdaqSymbol|CEG}}
{{NyseSymbol|COO}}
{{NasdaqSymbol|CPRT}}
{{NyseSymbol|GLW}}
{{NyseSymbol|CTVA}}
{{NasdaqSymbol|CSGP}}
{{NasdaqSymbol|COST}}
{{NyseSymbol|CTRA}}
{{NyseSymbol|CCI}}
{{NasdaqSymbol|CSX}}
{{NyseSymbol|CMI}}
{{NyseSymbol|CVS}}
{{NyseSymbol|DHI}}
{{NyseSymbol|DHR}}
{{NyseSymbol|DRI}}
{{NyseSymbol|DVA}}
{{NyseSymbol|DE}}
{{NyseSymbol|DAL}}
{{NasdaqSymbol|XRAY}}
{{NyseSymbol|DVN}}
{{NasdaqSymbol|DXCM}}
{{NasdaqSymbol|FANG}}
{{NyseSymbol|DLR}}
{{NyseSymbol|DFS}}
{{NyseSymbol|DIS}}
{{NyseSymbol|DG}}
{{NasdaqSymbol|DLTR}}
{{NyseSymbol|D}}
{{NyseSymbol|DPZ}}
{{NyseSymbol|DOV}}
{{NyseSymbol|DOW}}
{{NyseSymbol|DTE}}
{{NyseSymbol|DUK}}
{{NyseSymbol|DD}}
{{NyseSymbol|DXC}}
{{NyseSymbol|EMN}}
{{NyseSymbol|ETN}}
{{NasdaqSymbol|EBAY}}
{{NyseSymbol|ECL}}
{{NyseSymbol|EIX}}
{{NyseSymbol|EW}}
{{NasdaqSymbol|EA}}
{{NyseSymbol|ELV}}
{{NyseSymbol|LLY}}
{{NyseSymbol|EMR}}
{{NasdaqSymbol|ENPH}}
{{NyseSymbol|ETR}}
{{NyseSymbol|EOG}}
{{NyseSymbol|EPAM}}
{{NyseSymbol|EQT}}
{{NyseSymbol|EFX}}
{{NasdaqSymbol|EQIX}}
{{NyseSymbol|EQR}}
{{NyseSymbol|ESS}}
{{NyseSymbol|EL}}
{{NasdaqSymbol|ETSY}}
{{NyseSymbol|EG}}
{{NyseSymbol|EVRG}}
{{NyseSymbol|ES}}
{{NasdaqSymbol|EXC}}
{{NasdaqSymbol|EXPE}}
{{NasdaqSymbol|EXPD}}
{{NyseSymbol|EXR}}
{{NyseSymbol|XOM}}
{{NasdaqSymbol|FFIV}}
{{NyseSymbol|FDS}}
{{NyseSymbol|FICO}}
{{NasdaqSymbol|FAST}}
{{NyseSymbol|FRT}}
{{NyseSymbol|FDX}}
{{NasdaqSymbol|FITB}}
{{NasdaqSymbol|FSLR}}
{{NyseSymbol|FE}}
{{NyseSymbol|FIS}}
{{NyseSymbol|FI}}
{{NyseSymbol|FLT}}
{{NyseSymbol|FMC}}
{{NyseSymbol|F}}
{{NasdaqSymbol|FTNT}}
{{NyseSymbol|FTV}}
{{NasdaqSymbol|FOXA}}
{{NasdaqSymbol|FOX}}
{{NyseSymbol|BEN}}
{{NyseSymbol|FCX}}
{{NyseSymbol|GRMN}}
{{NyseSymbol|IT}}
{{NasdaqSymbol|GEHC}}
{{NasdaqSymbol|GEN}}
{{NyseSymbol|GNRC}}
{{NyseSymbol|GD}}
{{NyseSymbol|GE}}
{{NyseSymbol|GIS}}
{{NyseSymbol|GM}}
{{NyseSymbol|GPC}}
{{NasdaqSymbol|GILD}}
{{NyseSymbol|GL}}
{{NyseSymbol|GPN}}
{{NyseSymbol|GS}}
{{NyseSymbol|HAL}}
{{NyseSymbol|HIG}}
{{NasdaqSymbol|HAS}}
{{NyseSymbol|HCA}}
{{NyseSymbol|PEAK}}
{{NasdaqSymbol|HSIC}}
{{NyseSymbol|HSY}}
{{NyseSymbol|HES}}
{{NyseSymbol|HPE}}
{{NyseSymbol|HLT}}
{{NasdaqSymbol|HOLX}}
{{NyseSymbol|HD}}
{{NasdaqSymbol|HON}}
{{NyseSymbol|HRL}}
{{NasdaqSymbol|HST}}
{{NyseSymbol|HWM}}
{{NyseSymbol|HPQ}}
{{NyseSymbol|HUM}}
{{NasdaqSymbol|HBAN}}
{{NyseSymbol|HII}}
{{NyseSymbol|IBM}}
{{NyseSymbol|IEX}}
{{NasdaqSymbol|IDXX}}
{{NyseSymbol|ITW}}
{{NasdaqSymbol|ILMN}}
{{NasdaqSymbol|INCY}}
{{NyseSymbol|IR}}
{{NasdaqSymbol|PODD}}
{{NasdaqSymbol|INTC}}
{{NyseSymbol|ICE}}
{{NyseSymbol|IFF}}
{{NyseSymbol|IP}}
{{NyseSymbol|IPG}}
{{NasdaqSymbol|INTU}}
{{NasdaqSymbol|ISRG}}
{{NyseSymbol|IVZ}}
{{NyseSymbol|INVH}}
{{NyseSymbol|IQV}}
{{NyseSymbol|IRM}}
{{NasdaqSymbol|JBHT}}
{{NasdaqSymbol|JKHY}}
{{NyseSymbol|J}}
{{NyseSymbol|JNJ}}
{{NyseSymbol|JCI}}
{{NyseSymbol|JPM}}
{{NyseSymbol|JNPR}}
{{NyseSymbol|K}}
{{NasdaqSymbol|KDP}}
{{NyseSymbol|KEY}}
{{NyseSymbol|KEYS}}
{{NyseSymbol|KMB}}
{{NyseSymbol|KIM}}
{{NyseSymbol|KMI}}
{{NasdaqSymbol|KLAC}}
{{NasdaqSymbol|KHC}}
{{NyseSymbol|KR}}
{{NyseSymbol|LHX}}
{{NyseSymbol|LH}}
{{NasdaqSymbol|LRCX}}
{{NyseSymbol|LW}}
{{NyseSymbol|LVS}}
{{NyseSymbol|LDOS}}
{{NyseSymbol|LEN}}
{{NyseSymbol|LNC}}
{{NyseSymbol|LIN}}
{{NyseSymbol|LYV}}
{{NasdaqSymbol|LKQ}}
{{NyseSymbol|LMT}}
{{NyseSymbol|L}}
{{NyseSymbol|LOW}}
{{NyseSymbol|LYB}}
{{NyseSymbol|MTB}}
{{NyseSymbol|MRO}}
{{NyseSymbol|MPC}}
{{NasdaqSymbol|MKTX}}
{{NasdaqSymbol|MAR}}
{{NyseSymbol|MMC}}
{{NyseSymbol|MLM}}
{{NyseSymbol|MAS}}
{{NyseSymbol|MA}}
{{NasdaqSymbol|MTCH}}
{{NyseSymbol|MKC}}
{{NyseSymbol|MCD}}
{{NyseSymbol|MCK}}
{{NyseSymbol|MDT}}
{{NyseSymbol|MRK}}
{{NasdaqSymbol|META}}
{{NyseSymbol|MET}}
{{NyseSymbol|MTD}}
{{NyseSymbol|MGM}}
{{NasdaqSymbol|MCHP}}
{{NasdaqSymbol|MU}}
{{NasdaqSymbol|MSFT}}
{{NyseSymbol|MAA}}
{{NasdaqSymbol|MRNA}}
{{NyseSymbol|MHK}}
{{NyseSymbol|MOH}}
{{NyseSymbol|TAP}}
{{NasdaqSymbol|MDLZ}}
{{NasdaqSymbol|MPWR}}
{{NasdaqSymbol|MNST}}
{{NyseSymbol|MCO}}
{{NyseSymbol|MS}}
{{NyseSymbol|MOS}}
{{NyseSymbol|MSI}}
{{NyseSymbol|MSCI}}
{{NasdaqSymbol|NDAQ}}
{{NasdaqSymbol|NTAP}}
{{NasdaqSymbol|NFLX}}
{{NasdaqSymbol|NWL}}
{{NyseSymbol|NEM}}
{{NasdaqSymbol|NWSA}}
{{NasdaqSymbol|NWS}}
{{NyseSymbol|NEE}}
{{NyseSymbol|NKE}}
{{NyseSymbol|NI}}
{{NasdaqSymbol|NDSN}}
{{NyseSymbol|NSC}}
{{NasdaqSymbol|NTRS}}
{{NyseSymbol|NOC}}
{{NyseSymbol|NCLH}}
{{NyseSymbol|NRG}}
{{NyseSymbol|NUE}}
{{NasdaqSymbol|NVDA}}
{{NyseSymbol|NVR}}
{{NasdaqSymbol|NXPI}}
{{NasdaqSymbol|ORLY}}
{{NyseSymbol|OXY}}
{{NasdaqSymbol|ODFL}}
{{NyseSymbol|OMC}}
{{NasdaqSymbol|ON}}
{{NyseSymbol|OKE}}
{{NyseSymbol|ORCL}}
{{NyseSymbol|OGN}}
{{NyseSymbol|OTIS}}
{{NasdaqSymbol|PCAR}}
{{NyseSymbol|PKG}}
{{NasdaqSymbol|PANW}}
{{NasdaqSymbol|PARA}}
{{NyseSymbol|PH}}
{{NasdaqSymbol|PAYX}}
{{NyseSymbol|PAYC}}
{{NasdaqSymbol|PYPL}}
{{NyseSymbol|PNR}}
{{NasdaqSymbol|PEP}}
{{NyseSymbol|PFE}}
{{NyseSymbol|PCG}}
{{NyseSymbol|PM}}
{{NyseSymbol|PSX}}
{{NyseSymbol|PNW}}
{{NyseSymbol|PXD}}
{{NyseSymbol|PNC}}
{{NasdaqSymbol|POOL}}
{{NyseSymbol|PPG}}
{{NyseSymbol|PPL}}
{{NasdaqSymbol|PFG}}
{{NyseSymbol|PG}}
{{NyseSymbol|PGR}}
{{NyseSymbol|PLD}}
{{NyseSymbol|PRU}}
{{NyseSymbol|PEG}}
{{NasdaqSymbol|PTC}}
{{NyseSymbol|PSA}}
{{NyseSymbol|PHM}}
{{NasdaqSymbol|QRVO}}
{{NyseSymbol|PWR}}
{{NasdaqSymbol|QCOM}}
{{NyseSymbol|DGX}}
{{NyseSymbol|RL}}
{{NyseSymbol|RJF}}
{{NyseSymbol|RTX}}
{{NyseSymbol|O}}
{{NasdaqSymbol|REG}}
{{NasdaqSymbol|REGN}}
{{NyseSymbol|RF}}
{{NyseSymbol|RSG}}
{{NyseSymbol|RMD}}
{{NyseSymbol|RVTY}}
{{NyseSymbol|RHI}}
{{NyseSymbol|ROK}}
{{NyseSymbol|ROL}}
{{NyseSymbol|ROP}}
{{NasdaqSymbol|ROST}}
{{NyseSymbol|RCL}}
{{NyseSymbol|SPGI}}
{{NyseSymbol|CRM}}
{{NasdaqSymbol|SBAC}}
{{NyseSymbol|SLB}}
{{NasdaqSymbol|STX}}
{{NyseSymbol|SEE}}
{{NyseSymbol|SRE}}
{{NyseSymbol|NOW}}
{{NyseSymbol|SHW}}
{{NyseSymbol|SPG}}
{{NasdaqSymbol|SWKS}}
{{NyseSymbol|SJM}}
{{NyseSymbol|SNA}}
{{NasdaqSymbol|SEDG}}
{{NyseSymbol|SO}}
{{NyseSymbol|LUV}}
{{NyseSymbol|SWK}}
{{NasdaqSymbol|SBUX}}
{{NyseSymbol|STT}}
{{NasdaqSymbol|STLD}}
{{NyseSymbol|STE}}
{{NyseSymbol|SYK}}
{{NyseSymbol|SYF}}
{{NasdaqSymbol|SNPS}}
{{NyseSymbol|SYY}}
{{NasdaqSymbol|TMUS}}
{{NasdaqSymbol|TROW}}
{{NasdaqSymbol|TTWO}}
{{NyseSymbol|TPR}}
{{NyseSymbol|TRGP}}
{{NyseSymbol|TGT}}
{{NyseSymbol|TEL}}
{{NyseSymbol|TDY}}
{{NyseSymbol|TFX}}
{{NasdaqSymbol|TER}}
{{NasdaqSymbol|TSLA}}
{{NasdaqSymbol|TXN}}
{{NyseSymbol|TXT}}
{{NyseSymbol|TMO}}
{{NyseSymbol|TJX}}
{{NasdaqSymbol|TSCO}}
{{NyseSymbol|TT}}
{{NyseSymbol|TDG}}
{{NyseSymbol|TRV}}
{{NasdaqSymbol|TRMB}}
{{NyseSymbol|TFC}}
{{NyseSymbol|TYL}}
{{NyseSymbol|TSN}}
{{NyseSymbol|USB}}
{{NyseSymbol|UDR}}
{{NasdaqSymbol|ULTA}}
{{NyseSymbol|UNP}}
{{NasdaqSymbol|UAL}}
{{NyseSymbol|UPS}}
{{NyseSymbol|URI}}
{{NyseSymbol|UNH}}
{{NyseSymbol|UHS}}
{{NyseSymbol|VLO}}
{{NyseSymbol|VTR}}
{{NasdaqSymbol|VRSN}}
{{NasdaqSymbol|VRSK}}
{{NyseSymbol|VZ}}
{{NasdaqSymbol|VRTX}}
{{NyseSymbol|VFC}}
{{NasdaqSymbol|VTRS}}
{{NyseSymbol|VICI}}
{{NyseSymbol|V}}
{{NyseSymbol|VMC}}
{{NyseSymbol|WAB}}
{{NasdaqSymbol|WBA}}
{{NyseSymbol|WMT}}
{{NasdaqSymbol|WBD}}
{{NyseSymbol|WM}}
{{NyseSymbol|WAT}}
{{NyseSymbol|WEC}}
{{NyseSymbol|WFC}}
{{NyseSymbol|WELL}}
{{NyseSymbol|WST}}
{{NasdaqSymbol|WDC}}
{{NyseSymbol|WRK}}
{{NyseSymbol|WY}}
{{NyseSymbol|WHR}}
{{NyseSymbol|WMB}}
{{NasdaqSymbol|WTW}}
{{NyseSymbol|GWW}}
{{NasdaqSymbol|WYNN}}
{{NasdaqSymbol|XEL}}
{{NyseSymbol|XYL}}
{{NyseSymbol|YUM}}
{{NasdaqSymbol|ZBRA}}
{{NyseSymbol|ZBH}}
{{NasdaqSymbol|ZION}}
{{NyseSymbol|ZTS}}
INFO LEN: 998
SYM LEN: 503
